[INFO  - 2019-04-09T22:26:08.951Z] GhostDriver - Main - running on port 52841
[INFO  - 2019-04-09T22:26:09.648Z] Session [79721ac0-5b16-11e9-80d2-adf7f9304e31] - page.settings - {"XSSAuditingEnabled":false,"javascriptCanCloseWindows":true,"javascriptCanOpenWindows":true,"javascriptEnabled":true,"loadImages":true,"localToRemoteUrlAccessEnabled":false,"userAgent":"Mozilla/5.0 (Macintosh; Intel Mac OS X) AppleWebKit/538.1 (KHTML, like Gecko) PhantomJS/2.1.1 Safari/538.1","webSecurityEnabled":true}
[INFO  - 2019-04-09T22:26:09.648Z] Session [79721ac0-5b16-11e9-80d2-adf7f9304e31] - page.customHeaders:  - {}
[INFO  - 2019-04-09T22:26:09.649Z] Session [79721ac0-5b16-11e9-80d2-adf7f9304e31] - Session.negotiatedCapabilities - {"browserName":"phantomjs","version":"2.1.1","driverName":"ghostdriver","driverVersion":"1.2.0","platform":"mac-unknown-64bit","javascriptEnabled":true,"takesScreenshot":true,"handlesAlerts":false,"databaseEnabled":false,"locationContextEnabled":false,"applicationCacheEnabled":false,"browserConnectionEnabled":false,"cssSelectorsEnabled":true,"webStorageEnabled":false,"rotatable":false,"acceptSslCerts":false,"nativeEvents":true,"proxy":{"proxyType":"direct"}}
[INFO  - 2019-04-09T22:26:09.649Z] SessionManagerReqHand - _postNewSessionCommand - New Session Created: 79721ac0-5b16-11e9-80d2-adf7f9304e31
[ERROR - 2019-04-09T22:26:12.520Z] WebElementLocator - _handleLocateCommand - Element(s) NOT Found: GAVE UP. Search Stop Time: 1554848772482

  phantomjs://platform/console++.js:263 in error
[ERROR - 2019-04-09T22:26:13.311Z] WebElementLocator - _handleLocateCommand - Element(s) NOT Found: GAVE UP. Search Stop Time: 1554848773279

  phantomjs://platform/console++.js:263 in error
[ERROR - 2019-04-09T22:26:14.078Z] WebElementLocator - _handleLocateCommand - Element(s) NOT Found: GAVE UP. Search Stop Time: 1554848774041

  phantomjs://platform/console++.js:263 in error
[ERROR - 2019-04-09T22:26:14.843Z] WebElementLocator - _handleLocateCommand - Element(s) NOT Found: GAVE UP. Search Stop Time: 1554848774807

  phantomjs://platform/console++.js:263 in error
[ERROR - 2019-04-09T22:26:15.604Z] WebElementLocator - _handleLocateCommand - Element(s) NOT Found: GAVE UP. Search Stop Time: 1554848775572

  phantomjs://platform/console++.js:263 in error
[ERROR - 2019-04-09T22:26:16.368Z] WebElementLocator - _handleLocateCommand - Element(s) NOT Found: GAVE UP. Search Stop Time: 1554848776333

  phantomjs://platform/console++.js:263 in error
[ERROR - 2019-04-09T22:26:17.132Z] WebElementLocator - _handleLocateCommand - Element(s) NOT Found: GAVE UP. Search Stop Time: 1554848777096

  phantomjs://platform/console++.js:263 in error
[ERROR - 2019-04-09T22:26:17.899Z] WebElementLocator - _handleLocateCommand - Element(s) NOT Found: GAVE UP. Search Stop Time: 1554848777860

  phantomjs://platform/console++.js:263 in error
[ERROR - 2019-04-09T22:26:18.660Z] WebElementLocator - _handleLocateCommand - Element(s) NOT Found: GAVE UP. Search Stop Time: 1554848778629

  phantomjs://platform/console++.js:263 in error
[ERROR - 2019-04-09T22:26:19.442Z] WebElementLocator - _handleLocateCommand - Element(s) NOT Found: GAVE UP. Search Stop Time: 1554848779384

  phantomjs://platform/console++.js:263 in error
[ERROR - 2019-04-09T22:26:20.200Z] WebElementLocator - _handleLocateCommand - Element(s) NOT Found: GAVE UP. Search Stop Time: 1554848780171

  phantomjs://platform/console++.js:263 in error
[ERROR - 2019-04-09T22:26:20.953Z] WebElementLocator - _handleLocateCommand - Element(s) NOT Found: GAVE UP. Search Stop Time: 1554848780926

  phantomjs://platform/console++.js:263 in error
[ERROR - 2019-04-09T22:26:21.700Z] WebElementLocator - _handleLocateCommand - Element(s) NOT Found: GAVE UP. Search Stop Time: 1554848781678

  phantomjs://platform/console++.js:263 in error
[ERROR - 2019-04-09T22:26:22.464Z] WebElementLocator - _handleLocateCommand - Element(s) NOT Found: GAVE UP. Search Stop Time: 1554848782432

  phantomjs://platform/console++.js:263 in error
