1552880687902	mozrunner::runner	INFO	Running command: "/Applications/Firefox.app/Contents/MacOS/firefox-bin" "-marionette" "-foreground" "-no-remote" "-profile" "/var/folders/14/43bpdmjx23qdgrn0vs80tpxr0000gn/T/rust_mozprofile.Jk27GXb1TXXc"
1552880688827	addons.webextension.screenshots@mozilla.org	WARN	Loading extension 'screenshots@mozilla.org': Reading manifest: Invalid host permission: resource://pdf.js/
1552880688827	addons.webextension.screenshots@mozilla.org	WARN	Loading extension 'screenshots@mozilla.org': Reading manifest: Invalid host permission: about:reader*
Can't find symbol 'GetGraphicsResetStatus'.
1552880690802	Marionette	INFO	Listening on port 65433
1552880690883	Marionette	WARN	TLS certificate errors will be ignored for this session
1552880698702	Marionette	INFO	Stopped listening on port 65433
1552880793902	mozrunner::runner	INFO	Running command: "/Applications/Firefox.app/Contents/MacOS/firefox-bin" "-marionette" "-headless" "-foreground" "-no-remote" "-profile" "/var/folders/14/43bpdmjx23qdgrn0vs80tpxr0000gn/T/rust_mozprofile.jPZAI67J0pDl"
*** You are running in headless mode.
1552880794467	addons.webextension.screenshots@mozilla.org	WARN	Loading extension 'screenshots@mozilla.org': Reading manifest: Invalid host permission: resource://pdf.js/
1552880794467	addons.webextension.screenshots@mozilla.org	WARN	Loading extension 'screenshots@mozilla.org': Reading manifest: Invalid host permission: about:reader*
1552880796061	Marionette	INFO	Listening on port 49214
1552880796152	Marionette	WARN	TLS certificate errors will be ignored for this session
1552880804776	Marionette	INFO	Stopped listening on port 49214

###!!! [Child][RunMessage] Error: Channel closing: too late to send/recv, messages will be lost

1552880843762	mozrunner::runner	INFO	Running command: "/Applications/Firefox.app/Contents/MacOS/firefox-bin" "-marionette" "-headless" "-foreground" "-no-remote" "-profile" "/var/folders/14/43bpdmjx23qdgrn0vs80tpxr0000gn/T/rust_mozprofile.rxMzBiw9U4uC"
*** You are running in headless mode.
1552880844227	addons.webextension.screenshots@mozilla.org	WARN	Loading extension 'screenshots@mozilla.org': Reading manifest: Invalid host permission: resource://pdf.js/
1552880844227	addons.webextension.screenshots@mozilla.org	WARN	Loading extension 'screenshots@mozilla.org': Reading manifest: Invalid host permission: about:reader*
1552880845862	Marionette	INFO	Listening on port 49320
1552880845919	Marionette	WARN	TLS certificate errors will be ignored for this session
Exiting due to channel error.
Exiting due to channel error.
[GFX1-]: Receive IPC close with reason=AbnormalShutdown
Exiting due to channel error.
